#
# There is insufficient memory for the Java Runtime Environment to continue.
# Native memory allocation (malloc) failed to allocate 32744 bytes for ChunkPool::allocate
# Possible reasons:
#   The system is out of physical RAM or swap space
#   The process is running with CompressedOops enabled, and the Java Heap may be blocking the growth of the native heap
# Possible solutions:
#   Reduce memory load on the system
#   Increase physical memory or swap space
#   Check if swap backing store is full
#   Decrease Java heap size (-Xmx/-Xms)
#   Decrease number of Java threads
#   Decrease Java thread stack sizes (-Xss)
#   Set larger code cache with -XX:ReservedCodeCacheSize=
#   JVM is running with Unscaled Compressed Oops mode in which the Java heap is
#     placed in the first 4GB address space. The Java Heap base address is the
#     maximum limit for the native heap growth. Please use -XX:HeapBaseMinAddress
#     to set the Java Heap base and to place the Java Heap above 4GB virtual address.
# This output file may be truncated or incomplete.
#
#  Out of Memory Error (arena.cpp:78), pid=25580, tid=22680
#
# JRE version: OpenJDK Runtime Environment Temurin-17.0.6+10 (17.0.6+10) (build 17.0.6+10)
# Java VM: OpenJDK 64-Bit Server VM Temurin-17.0.6+10 (17.0.6+10, mixed mode, tiered, compressed oops, compressed class ptrs, g1 gc, windows-amd64)
# No core dump will be written. Minidumps are not enabled by default on client versions of Windows
#

---------------  S U M M A R Y ------------

Command Line: -Dfile.encoding=UTF-8 -XX:+ShowCodeDetailsInExceptionMessages org.medicine.purchasewebsite.PurchasewebsiteApplication

Host: Intel(R) Core(TM) i3-10110U CPU @ 2.10GHz, 4 cores, 7G,  Windows 11 , 64 bit Build 22000 (10.0.22000.1516)
Time: Thu Jun  1 16:39:34 2023 India Standard Time elapsed time: 4.278110 seconds (0d 0h 0m 4s)

---------------  T H R E A D  ---------------

Current thread (0x000001afc2a6f450):  JavaThread "C2 CompilerThread1" daemon [_thread_in_native, id=22680, stack(0x0000005074a00000,0x0000005074b00000)]


Current CompileTask:
C2:   4278 3346       4       org.springframework.beans.factory.support.AbstractBeanFactory::isFactoryBean (62 bytes)

Stack: [0x0000005074a00000,0x0000005074b00000]
Native frames: (J=compiled Java code, j=interpreted, Vv=VM code, C=native code)
V  [jvm.dll+0x67741a]
V  [jvm.dll+0x834434]
V  [jvm.dll+0x835bde]
V  [jvm.dll+0x836243]
V  [jvm.dll+0x2457b5]
V  [jvm.dll+0xabd1c]
V  [jvm.dll+0xac0cc]
V  [jvm.dll+0x582fd4]
V  [jvm.dll+0x57f281]
V  [jvm.dll+0x57f024]
V  [jvm.dll+0x57e268]
V  [jvm.dll+0x220812]
V  [jvm.dll+0x220bef]
V  [jvm.dll+0x21a445]
V  [jvm.dll+0x21790b]
V  [jvm.dll+0x1a3d0d]
V  [jvm.dll+0x22742a]
V  [jvm.dll+0x225565]
V  [jvm.dll+0x7ea2cb]
V  [jvm.dll+0x7e483a]
V  [jvm.dll+0x6762c5]
C  [ucrtbase.dll+0x26c0c]
C  [KERNEL32.DLL+0x155a0]
C  [ntdll.dll+0x485b]


---------------  P R O C E S S  ---------------

Threads class SMR info:
_java_thread_list=0x000001afc3cafe20, length=15, elements={
0x000001afa687c5e0, 0x000001afc1e47020, 0x000001afc1e0f5f0, 0x000001afc1e4a670,
0x000001afc1e4af30, 0x000001afc1e4b7f0, 0x000001afc1e4c0b0, 0x000001afc1e4cca0,
0x000001afc1e4d5a0, 0x000001afc28417e0, 0x000001afc2994370, 0x000001afc29afe20,
0x000001afc2a6f450, 0x000001afc366dd50, 0x000001afc36738a0
}

Java Threads: ( => current thread )
  0x000001afa687c5e0 JavaThread "main" [_thread_blocked, id=19548, stack(0x0000005073700000,0x0000005073800000)]
  0x000001afc1e47020 JavaThread "Reference Handler" daemon [_thread_blocked, id=10636, stack(0x0000005073e00000,0x0000005073f00000)]
  0x000001afc1e0f5f0 JavaThread "Finalizer" daemon [_thread_blocked, id=28512, stack(0x0000005073f00000,0x0000005074000000)]
  0x000001afc1e4a670 JavaThread "Signal Dispatcher" daemon [_thread_blocked, id=25836, stack(0x0000005074000000,0x0000005074100000)]
  0x000001afc1e4af30 JavaThread "Attach Listener" daemon [_thread_blocked, id=15692, stack(0x0000005074100000,0x0000005074200000)]
  0x000001afc1e4b7f0 JavaThread "Service Thread" daemon [_thread_blocked, id=24340, stack(0x0000005074200000,0x0000005074300000)]
  0x000001afc1e4c0b0 JavaThread "Monitor Deflation Thread" daemon [_thread_blocked, id=6032, stack(0x0000005074300000,0x0000005074400000)]
  0x000001afc1e4cca0 JavaThread "C2 CompilerThread0" daemon [_thread_in_native, id=22040, stack(0x0000005074400000,0x0000005074500000)]
  0x000001afc1e4d5a0 JavaThread "C1 CompilerThread0" daemon [_thread_in_vm, id=17920, stack(0x0000005074500000,0x0000005074600000)]
  0x000001afc28417e0 JavaThread "Sweeper thread" daemon [_thread_blocked, id=22492, stack(0x0000005074600000,0x0000005074700000)]
  0x000001afc2994370 JavaThread "Notification Thread" daemon [_thread_blocked, id=24828, stack(0x0000005074700000,0x0000005074800000)]
  0x000001afc29afe20 JavaThread "Common-Cleaner" daemon [_thread_blocked, id=28168, stack(0x0000005074900000,0x0000005074a00000)]
=>0x000001afc2a6f450 JavaThread "C2 CompilerThread1" daemon [_thread_in_native, id=22680, stack(0x0000005074a00000,0x0000005074b00000)]
  0x000001afc366dd50 JavaThread "Thread-0" [_thread_blocked, id=19200, stack(0x0000005074f00000,0x0000005075000000)]
  0x000001afc36738a0 JavaThread "restartedMain" [_thread_in_vm, id=17788, stack(0x0000005075000000,0x0000005075100000)]

Other Threads:
  0x000001afc1dc4370 VMThread "VM Thread" [stack: 0x0000005073d00000,0x0000005073e00000] [id=23040]
  0x000001afc2994840 WatcherThread [stack: 0x0000005074800000,0x0000005074900000] [id=18788]
  0x000001afa68d65d0 GCTaskThread "GC Thread#0" [stack: 0x0000005073800000,0x0000005073900000] [id=16180]
  0x000001afc3076300 GCTaskThread "GC Thread#1" [stack: 0x0000005074b00000,0x0000005074c00000] [id=25976]
  0x000001afc30765b0 GCTaskThread "GC Thread#2" [stack: 0x0000005074c00000,0x0000005074d00000] [id=24372]
  0x000001afc31c4ba0 GCTaskThread "GC Thread#3" [stack: 0x0000005074d00000,0x0000005074e00000] [id=1220]
  0x000001afa68e7910 ConcurrentGCThread "G1 Main Marker" [stack: 0x0000005073900000,0x0000005073a00000] [id=25420]
  0x000001afa68e8320 ConcurrentGCThread "G1 Conc#0" [stack: 0x0000005073a00000,0x0000005073b00000] [id=26252]
  0x000001afa693e800 ConcurrentGCThread "G1 Refine#0" [stack: 0x0000005073b00000,0x0000005073c00000] [id=25088]
  0x000001afc3076860 ConcurrentGCThread "G1 Refine#1" [stack: 0x0000005074e00000,0x0000005074f00000] [id=27564]
  0x000001afc1c711b0 ConcurrentGCThread "G1 Service" [stack: 0x0000005073c00000,0x0000005073d00000] [id=9112]

Threads with active compile tasks:
C2 CompilerThread0     4299 3350       4       org.springframework.beans.factory.support.AbstractAutowireCapableBeanFactory::predictBeanType (128 bytes)
C1 CompilerThread0     4299 3672       2       org.springframework.boot.context.properties.source.SpringIterableConfigurationPropertySource::containsDescendantOf (102 bytes)
C2 CompilerThread1     4299 3346       4       org.springframework.beans.factory.support.AbstractBeanFactory::isFactoryBean (62 bytes)

VM state: not at safepoint (normal execution)

VM Mutex/Monitor currently owned by a thread: None

Heap address: 0x0000000082800000, size: 2008 MB, Compressed Oops mode: 32-bit

CDS archive(s) not mapped
Compressed class space mapped at: 0x0000000100000000-0x0000000140000000, reserved size: 1073741824
Narrow klass base: 0x0000000000000000, Narrow klass shift: 3, Narrow klass range: 0x140000000

GC Precious Log:
 CPUs: 4 total, 4 available
 Memory: 8026M
 Large Page Support: Disabled
 NUMA Support: Disabled
 Compressed Oops: Enabled (32-bit)
 Heap Region Size: 1M
 Heap Min Capacity: 8M
 Heap Initial Capacity: 126M
 Heap Max Capacity: 2008M
 Pre-touch: Disabled
 Parallel Workers: 4
 Concurrent Workers: 1
 Concurrent Refinement Workers: 4
 Periodic GC: Disabled

Heap:
 garbage-first heap   total 61440K, used 20275K [0x0000000082800000, 0x0000000100000000)
  region size 1024K, 4 young (4096K), 1 survivors (1024K)
 Metaspace       used 36160K, committed 36480K, reserved 1089536K
  class space    used 4351K, committed 4480K, reserved 1048576K

Heap Regions: E=young(eden), S=young(survivor), O=old, HS=humongous(starts), HC=humongous(continues), CS=collection set, F=free, OA=open archive, CA=closed archive, TAMS=top-at-mark-start (previous, next)
|   0|0x0000000082800000, 0x0000000082900000, 0x0000000082900000|100%|HS|  |TAMS 0x0000000082900000, 0x0000000082800000| Complete 
|   1|0x0000000082900000, 0x0000000082a00000, 0x0000000082a00000|100%| O|  |TAMS 0x0000000082a00000, 0x0000000082900000| Untracked 
|   2|0x0000000082a00000, 0x0000000082b00000, 0x0000000082b00000|100%| O|  |TAMS 0x0000000082b00000, 0x0000000082a00000| Untracked 
|   3|0x0000000082b00000, 0x0000000082c00000, 0x0000000082c00000|100%| O|  |TAMS 0x0000000082c00000, 0x0000000082b00000| Untracked 
|   4|0x0000000082c00000, 0x0000000082d00000, 0x0000000082d00000|100%| O|  |TAMS 0x0000000082d00000, 0x0000000082c00000| Untracked 
|   5|0x0000000082d00000, 0x0000000082e00000, 0x0000000082e00000|100%| O|  |TAMS 0x0000000082e00000, 0x0000000082d00000| Untracked 
|   6|0x0000000082e00000, 0x0000000082f00000, 0x0000000082f00000|100%| O|  |TAMS 0x0000000082f00000, 0x0000000082e00000| Untracked 
|   7|0x0000000082f00000, 0x0000000083000000, 0x0000000083000000|100%| O|  |TAMS 0x0000000083000000, 0x0000000082f00000| Untracked 
|   8|0x0000000083000000, 0x0000000083100000, 0x0000000083100000|100%| O|  |TAMS 0x0000000083100000, 0x0000000083000000| Untracked 
|   9|0x0000000083100000, 0x0000000083200000, 0x0000000083200000|100%| O|  |TAMS 0x0000000083200000, 0x0000000083100000| Untracked 
|  10|0x0000000083200000, 0x0000000083300000, 0x0000000083300000|100%| O|  |TAMS 0x0000000083300000, 0x0000000083200000| Untracked 
|  11|0x0000000083300000, 0x0000000083400000, 0x0000000083400000|100%| O|  |TAMS 0x0000000083400000, 0x0000000083300000| Untracked 
|  12|0x0000000083400000, 0x0000000083500000, 0x0000000083500000|100%| O|  |TAMS 0x0000000083500000, 0x0000000083400000| Untracked 
|  13|0x0000000083500000, 0x0000000083600000, 0x0000000083600000|100%| O|  |TAMS 0x0000000083600000, 0x0000000083500000| Untracked 
|  14|0x0000000083600000, 0x0000000083700000, 0x0000000083700000|100%| O|  |TAMS 0x0000000083700000, 0x0000000083600000| Untracked 
|  15|0x0000000083700000, 0x0000000083800000, 0x0000000083800000|100%| O|  |TAMS 0x000000008377da00, 0x0000000083700000| Untracked 
|  16|0x0000000083800000, 0x0000000083900000, 0x0000000083900000|100%| O|  |TAMS 0x0000000083800000, 0x0000000083800000| Untracked 
|  17|0x0000000083900000, 0x0000000083983400, 0x0000000083a00000| 51%| O|  |TAMS 0x0000000083900000, 0x0000000083900000| Untracked 
|  18|0x0000000083a00000, 0x0000000083a00000, 0x0000000083b00000|  0%| F|  |TAMS 0x0000000083a00000, 0x0000000083a00000| Untracked 
|  19|0x0000000083b00000, 0x0000000083b00000, 0x0000000083c00000|  0%| F|  |TAMS 0x0000000083b00000, 0x0000000083b00000| Untracked 
|  20|0x0000000083c00000, 0x0000000083c00000, 0x0000000083d00000|  0%| F|  |TAMS 0x0000000083c00000, 0x0000000083c00000| Untracked 
|  21|0x0000000083d00000, 0x0000000083d00000, 0x0000000083e00000|  0%| F|  |TAMS 0x0000000083d00000, 0x0000000083d00000| Untracked 
|  22|0x0000000083e00000, 0x0000000083e00000, 0x0000000083f00000|  0%| F|  |TAMS 0x0000000083e00000, 0x0000000083e00000| Untracked 
|  23|0x0000000083f00000, 0x0000000083f00000, 0x0000000084000000|  0%| F|  |TAMS 0x0000000083f00000, 0x0000000083f00000| Untracked 
|  24|0x0000000084000000, 0x0000000084000000, 0x0000000084100000|  0%| F|  |TAMS 0x0000000084000000, 0x0000000084000000| Untracked 
|  25|0x0000000084100000, 0x0000000084100000, 0x0000000084200000|  0%| F|  |TAMS 0x0000000084100000, 0x0000000084100000| Untracked 
|  26|0x0000000084200000, 0x0000000084200000, 0x0000000084300000|  0%| F|  |TAMS 0x0000000084200000, 0x0000000084200000| Untracked 
|  27|0x0000000084300000, 0x0000000084300000, 0x0000000084400000|  0%| F|  |TAMS 0x0000000084300000, 0x0000000084300000| Untracked 
|  28|0x0000000084400000, 0x0000000084400000, 0x0000000084500000|  0%| F|  |TAMS 0x0000000084400000, 0x0000000084400000| Untracked 
|  29|0x0000000084500000, 0x0000000084500000, 0x0000000084600000|  0%| F|  |TAMS 0x0000000084500000, 0x0000000084500000| Untracked 
|  30|0x0000000084600000, 0x0000000084600000, 0x0000000084700000|  0%| F|  |TAMS 0x0000000084600000, 0x0000000084600000| Untracked 
|  31|0x0000000084700000, 0x0000000084700000, 0x0000000084800000|  0%| F|  |TAMS 0x0000000084700000, 0x0000000084700000| Untracked 
|  32|0x0000000084800000, 0x0000000084800000, 0x0000000084900000|  0%| F|  |TAMS 0x0000000084800000, 0x0000000084800000| Untracked 
|  33|0x0000000084900000, 0x0000000084900000, 0x0000000084a00000|  0%| F|  |TAMS 0x0000000084900000, 0x0000000084900000| Untracked 
|  34|0x0000000084a00000, 0x0000000084a00000, 0x0000000084b00000|  0%| F|  |TAMS 0x0000000084a00000, 0x0000000084a00000| Untracked 
|  35|0x0000000084b00000, 0x0000000084b00000, 0x0000000084c00000|  0%| F|  |TAMS 0x0000000084b00000, 0x0000000084b00000| Untracked 
|  36|0x0000000084c00000, 0x0000000084c00000, 0x0000000084d00000|  0%| F|  |TAMS 0x0000000084c00000, 0x0000000084c00000| Untracked 
|  37|0x0000000084d00000, 0x0000000084d00000, 0x0000000084e00000|  0%| F|  |TAMS 0x0000000084d00000, 0x0000000084d00000| Untracked 
|  38|0x0000000084e00000, 0x0000000084e00000, 0x0000000084f00000|  0%| F|  |TAMS 0x0000000084e00000, 0x0000000084e00000| Untracked 
|  39|0x0000000084f00000, 0x0000000084f00000, 0x0000000085000000|  0%| F|  |TAMS 0x0000000084f00000, 0x0000000084f00000| Untracked 
|  40|0x0000000085000000, 0x0000000085000000, 0x0000000085100000|  0%| F|  |TAMS 0x0000000085000000, 0x0000000085000000| Untracked 
|  41|0x0000000085100000, 0x0000000085100000, 0x0000000085200000|  0%| F|  |TAMS 0x0000000085100000, 0x0000000085100000| Untracked 
|  42|0x0000000085200000, 0x0000000085200000, 0x0000000085300000|  0%| F|  |TAMS 0x0000000085200000, 0x0000000085200000| Untracked 
|  43|0x0000000085300000, 0x0000000085300000, 0x0000000085400000|  0%| F|  |TAMS 0x0000000085300000, 0x0000000085300000| Untracked 
|  44|0x0000000085400000, 0x0000000085400000, 0x0000000085500000|  0%| F|  |TAMS 0x0000000085400000, 0x0000000085400000| Untracked 
|  45|0x0000000085500000, 0x0000000085500000, 0x0000000085600000|  0%| F|  |TAMS 0x0000000085500000, 0x0000000085500000| Untracked 
|  46|0x0000000085600000, 0x0000000085600000, 0x0000000085700000|  0%| F|  |TAMS 0x0000000085600000, 0x0000000085600000| Untracked 
|  47|0x0000000085700000, 0x0000000085700000, 0x0000000085800000|  0%| F|  |TAMS 0x0000000085700000, 0x0000000085700000| Untracked 
|  48|0x0000000085800000, 0x0000000085800000, 0x0000000085900000|  0%| F|  |TAMS 0x0000000085800000, 0x0000000085800000| Untracked 
|  49|0x0000000085900000, 0x0000000085900000, 0x0000000085a00000|  0%| F|  |TAMS 0x0000000085900000, 0x0000000085900000| Untracked 
|  50|0x0000000085a00000, 0x0000000085a00000, 0x0000000085b00000|  0%| F|  |TAMS 0x0000000085a00000, 0x0000000085a00000| Untracked 
|  51|0x0000000085b00000, 0x0000000085b00000, 0x0000000085c00000|  0%| F|  |TAMS 0x0000000085b00000, 0x0000000085b00000| Untracked 
|  52|0x0000000085c00000, 0x0000000085c00000, 0x0000000085d00000|  0%| F|  |TAMS 0x0000000085c00000, 0x0000000085c00000| Untracked 
|  53|0x0000000085d00000, 0x0000000085d00000, 0x0000000085e00000|  0%| F|  |TAMS 0x0000000085d00000, 0x0000000085d00000| Untracked 
|  54|0x0000000085e00000, 0x0000000085e00000, 0x0000000085f00000|  0%| F|  |TAMS 0x0000000085e00000, 0x0000000085e00000| Untracked 
|  55|0x0000000085f00000, 0x0000000085f80800, 0x0000000086000000| 50%| E|  |TAMS 0x0000000085f00000, 0x0000000085f00000| Complete 
| 115|0x0000000089b00000, 0x0000000089c00000, 0x0000000089c00000|100%| E|CS|TAMS 0x0000000089b00000, 0x0000000089b00000| Complete 
| 116|0x0000000089c00000, 0x0000000089c499e0, 0x0000000089d00000| 28%| S|CS|TAMS 0x0000000089c00000, 0x0000000089c00000| Complete 
| 117|0x0000000089d00000, 0x0000000089e00000, 0x0000000089e00000|100%| E|CS|TAMS 0x0000000089d00000, 0x0000000089d00000| Complete 
| 125|0x000000008a500000, 0x000000008a600000, 0x000000008a600000|100%| E|CS|TAMS 0x000000008a500000, 0x000000008a500000| Complete 

Card table byte_map: [0x000001afbb120000,0x000001afbb510000] _byte_map_base: 0x000001afbad0c000

Marking Bits (Prev, Next): (CMBitMap*) 0x000001afa68d6be0, (CMBitMap*) 0x000001afa68d6c20
 Prev Bits: [0x000001afbb900000, 0x000001afbd860000)
 Next Bits: [0x000001afbd860000, 0x000001afbf7c0000)

Polling page: 0x000001afa6940000

Metaspace:

Usage:
  Non-class:     31.08 MB used.
      Class:      4.25 MB used.
       Both:     35.33 MB used.

Virtual space:
  Non-class space:       40.00 MB reserved,      31.25 MB ( 78%) committed,  5 nodes.
      Class space:        1.00 GB reserved,       4.44 MB ( <1%) committed,  1 nodes.
             Both:        1.04 GB reserved,      35.69 MB (  3%) committed. 

Chunk freelists:
   Non-Class:  3.95 MB
       Class:  3.61 MB
        Both:  7.56 MB

MaxMetaspaceSize: unlimited
CompressedClassSpaceSize: 1.00 GB
Initial GC threshold: 21.00 MB
Current GC threshold: 59.06 MB
CDS: off
MetaspaceReclaimPolicy: balanced
 - commit_granule_bytes: 65536.
 - commit_granule_words: 8192.
 - virtual_space_node_default_size: 1048576.
 - enlarge_chunks_in_place: 1.
 - new_chunks_are_fully_committed: 0.
 - uncommit_free_chunks: 1.
 - use_allocation_guard: 0.
 - handle_deallocations: 1.


Internal statistics:

num_allocs_failed_limit: 8.
num_arena_births: 408.
num_arena_deaths: 0.
num_vsnodes_births: 6.
num_vsnodes_deaths: 0.
num_space_committed: 571.
num_space_uncommitted: 0.
num_chunks_returned_to_freelist: 8.
num_chunks_taken_from_freelist: 1449.
num_chunk_merges: 8.
num_chunk_splits: 984.
num_chunks_enlarged: 716.
num_purges: 0.
num_inconsistent_stats: 0.

CodeHeap 'non-profiled nmethods': size=120000Kb used=1802Kb max_used=1802Kb free=118197Kb
 bounds [0x000001afb31d0000, 0x000001afb3440000, 0x000001afba700000]
CodeHeap 'profiled nmethods': size=120000Kb used=8021Kb max_used=8021Kb free=111978Kb
 bounds [0x000001afab700000, 0x000001afabee0000, 0x000001afb2c30000]
CodeHeap 'non-nmethods': size=5760Kb used=1206Kb max_used=1285Kb free=4553Kb
 bounds [0x000001afb2c30000, 0x000001afb2ea0000, 0x000001afb31d0000]
 total_blobs=4158 nmethods=3653 adapters=416
 compilation: enabled
              stopped_count=0, restarted_count=0
 full_count=0

Compilation events (20 events):
Event: 4.269 Thread 0x000001afc1e4d5a0 nmethod 3659 0x000001afabed1290 code [0x000001afabed1420, 0x000001afabed1518]
Event: 4.270 Thread 0x000001afc1e4d5a0 3660       2       java.lang.invoke.SimpleMethodHandle::make (10 bytes)
Event: 4.270 Thread 0x000001afc1e4d5a0 nmethod 3660 0x000001afabed1590 code [0x000001afabed1720, 0x000001afabed1888]
Event: 4.270 Thread 0x000001afc1e4d5a0 3661       2       java.lang.invoke.SimpleMethodHandle::<init> (7 bytes)
Event: 4.270 Thread 0x000001afc1e4d5a0 nmethod 3661 0x000001afabed1990 code [0x000001afabed1b20, 0x000001afabed1c48]
Event: 4.271 Thread 0x000001afc1e4d5a0 3663       2       sun.reflect.annotation.AnnotationParser::skipMemberValue (65 bytes)
Event: 4.272 Thread 0x000001afc1e4d5a0 nmethod 3663 0x000001afabed1d10 code [0x000001afabed1f00, 0x000001afabed21b8]
Event: 4.272 Thread 0x000001afc1e4d5a0 3664       2       org.springframework.boot.context.properties.source.ConfigurationPropertyName::buildToString (138 bytes)
Event: 4.273 Thread 0x000001afc1e4d5a0 nmethod 3664 0x000001afabed2310 code [0x000001afabed2560, 0x000001afabed2a58]
Event: 4.273 Thread 0x000001afc1e4d5a0 3665   !   2       org.springframework.core.env.PropertiesPropertySource::getPropertyNames (22 bytes)
Event: 4.274 Thread 0x000001afc1e4d5a0 nmethod 3665 0x000001afabed2e10 code [0x000001afabed2fe0, 0x000001afabed3388]
Event: 4.274 Thread 0x000001afc1e4d5a0 3666       2       java.util.Properties::keySet (12 bytes)
Event: 4.274 Thread 0x000001afc1e4d5a0 nmethod 3666 0x000001afabed3590 code [0x000001afabed3740, 0x000001afabed3a58]
Event: 4.274 Thread 0x000001afc1e4d5a0 3667   !   2       java.util.Collections$SynchronizedCollection::isEmpty (24 bytes)
Event: 4.274 Thread 0x000001afc1e4d5a0 nmethod 3667 0x000001afabed3c10 code [0x000001afabed3dc0, 0x000001afabed3fc8]
Event: 4.274 Thread 0x000001afc1e4d5a0 3668       2       java.util.concurrent.ConcurrentHashMap$CollectionView::isEmpty (8 bytes)
Event: 4.274 Thread 0x000001afc1e4d5a0 nmethod 3668 0x000001afabed4110 code [0x000001afabed42a0, 0x000001afabed43e8]
Event: 4.275 Thread 0x000001afc1e4d5a0 3669       2       org.springframework.boot.context.properties.source.SpringConfigurationPropertySource::containsDescendantOf (61 bytes)
Event: 4.275 Thread 0x000001afc1e4d5a0 nmethod 3669 0x000001afabed4510 code [0x000001afabed4740, 0x000001afabed4bc8]
Event: 4.276 Thread 0x000001afc1e4d5a0 3670       2       org.springframework.boot.context.properties.bind.JavaBeanBinder$Bean$$Lambda$496/0x0000000100457290::apply (8 bytes)

GC Heap History (20 events):
Event: 1.739 GC heap before
{Heap before GC invocations=3 (full 0):
 garbage-first heap   total 129024K, used 16452K [0x0000000082800000, 0x0000000100000000)
  region size 1024K, 11 young (11264K), 3 survivors (3072K)
 Metaspace       used 21314K, committed 21504K, reserved 1073152K
  class space    used 2466K, committed 2560K, reserved 1048576K
}
Event: 1.743 GC heap after
{Heap after GC invocations=4 (full 0):
 garbage-first heap   total 129024K, used 9801K [0x0000000082800000, 0x0000000100000000)
  region size 1024K, 3 young (3072K), 3 survivors (3072K)
 Metaspace       used 21314K, committed 21504K, reserved 1073152K
  class space    used 2466K, committed 2560K, reserved 1048576K
}
Event: 2.162 GC heap before
{Heap before GC invocations=5 (full 0):
 garbage-first heap   total 37888K, used 27209K [0x0000000082800000, 0x0000000100000000)
  region size 1024K, 22 young (22528K), 3 survivors (3072K)
 Metaspace       used 26461K, committed 26688K, reserved 1073152K
  class space    used 3039K, committed 3136K, reserved 1048576K
}
Event: 2.167 GC heap after
{Heap after GC invocations=6 (full 0):
 garbage-first heap   total 37888K, used 11280K [0x0000000082800000, 0x0000000100000000)
  region size 1024K, 3 young (3072K), 3 survivors (3072K)
 Metaspace       used 26461K, committed 26688K, reserved 1073152K
  class space    used 3039K, committed 3136K, reserved 1048576K
}
Event: 2.188 GC heap before
{Heap before GC invocations=6 (full 0):
 garbage-first heap   total 37888K, used 12304K [0x0000000082800000, 0x0000000100000000)
  region size 1024K, 4 young (4096K), 3 survivors (3072K)
 Metaspace       used 26572K, committed 26816K, reserved 1073152K
  class space    used 3054K, committed 3136K, reserved 1048576K
}
Event: 2.193 GC heap after
{Heap after GC invocations=7 (full 0):
 garbage-first heap   total 37888K, used 11610K [0x0000000082800000, 0x0000000100000000)
  region size 1024K, 1 young (1024K), 1 survivors (1024K)
 Metaspace       used 26572K, committed 26816K, reserved 1073152K
  class space    used 3054K, committed 3136K, reserved 1048576K
}
Event: 2.561 GC heap before
{Heap before GC invocations=7 (full 0):
 garbage-first heap   total 37888K, used 23898K [0x0000000082800000, 0x0000000100000000)
  region size 1024K, 14 young (14336K), 1 survivors (1024K)
 Metaspace       used 28338K, committed 28608K, reserved 1081344K
  class space    used 3254K, committed 3392K, reserved 1048576K
}
Event: 2.564 GC heap after
{Heap after GC invocations=8 (full 0):
 garbage-first heap   total 37888K, used 12789K [0x0000000082800000, 0x0000000100000000)
  region size 1024K, 2 young (2048K), 2 survivors (2048K)
 Metaspace       used 28338K, committed 28608K, reserved 1081344K
  class space    used 3254K, committed 3392K, reserved 1048576K
}
Event: 2.878 GC heap before
{Heap before GC invocations=8 (full 0):
 garbage-first heap   total 37888K, used 26101K [0x0000000082800000, 0x0000000100000000)
  region size 1024K, 15 young (15360K), 2 survivors (2048K)
 Metaspace       used 29155K, committed 29440K, reserved 1081344K
  class space    used 3343K, committed 3456K, reserved 1048576K
}
Event: 2.881 GC heap after
{Heap after GC invocations=9 (full 0):
 garbage-first heap   total 37888K, used 13935K [0x0000000082800000, 0x0000000100000000)
  region size 1024K, 2 young (2048K), 2 survivors (2048K)
 Metaspace       used 29155K, committed 29440K, reserved 1081344K
  class space    used 3343K, committed 3456K, reserved 1048576K
}
Event: 3.146 GC heap before
{Heap before GC invocations=9 (full 0):
 garbage-first heap   total 37888K, used 25199K [0x0000000082800000, 0x0000000100000000)
  region size 1024K, 14 young (14336K), 2 survivors (2048K)
 Metaspace       used 30244K, committed 30464K, reserved 1081344K
  class space    used 3493K, committed 3584K, reserved 1048576K
}
Event: 3.148 GC heap after
{Heap after GC invocations=10 (full 0):
 garbage-first heap   total 37888K, used 15034K [0x0000000082800000, 0x0000000100000000)
  region size 1024K, 2 young (2048K), 2 survivors (2048K)
 Metaspace       used 30244K, committed 30464K, reserved 1081344K
  class space    used 3493K, committed 3584K, reserved 1048576K
}
Event: 3.482 GC heap before
{Heap before GC invocations=10 (full 0):
 garbage-first heap   total 37888K, used 27322K [0x0000000082800000, 0x0000000100000000)
  region size 1024K, 14 young (14336K), 2 survivors (2048K)
 Metaspace       used 31595K, committed 31872K, reserved 1081344K
  class space    used 3703K, committed 3840K, reserved 1048576K
}
Event: 3.484 GC heap after
{Heap after GC invocations=11 (full 0):
 garbage-first heap   total 37888K, used 15805K [0x0000000082800000, 0x0000000100000000)
  region size 1024K, 2 young (2048K), 2 survivors (2048K)
 Metaspace       used 31595K, committed 31872K, reserved 1081344K
  class space    used 3703K, committed 3840K, reserved 1048576K
}
Event: 3.804 GC heap before
{Heap before GC invocations=11 (full 0):
 garbage-first heap   total 37888K, used 27069K [0x0000000082800000, 0x0000000100000000)
  region size 1024K, 14 young (14336K), 2 survivors (2048K)
 Metaspace       used 33447K, committed 33792K, reserved 1081344K
  class space    used 3959K, committed 4160K, reserved 1048576K
}
Event: 3.809 GC heap after
{Heap after GC invocations=12 (full 0):
 garbage-first heap   total 37888K, used 16684K [0x0000000082800000, 0x0000000100000000)
  region size 1024K, 2 young (2048K), 2 survivors (2048K)
 Metaspace       used 33447K, committed 33792K, reserved 1081344K
  class space    used 3959K, committed 4160K, reserved 1048576K
}
Event: 4.141 GC heap before
{Heap before GC invocations=12 (full 0):
 garbage-first heap   total 37888K, used 28972K [0x0000000082800000, 0x0000000100000000)
  region size 1024K, 14 young (14336K), 2 survivors (2048K)
 Metaspace       used 35422K, committed 35776K, reserved 1081344K
  class space    used 4243K, committed 4416K, reserved 1048576K
}
Event: 4.145 GC heap after
{Heap after GC invocations=13 (full 0):
 garbage-first heap   total 37888K, used 17910K [0x0000000082800000, 0x0000000100000000)
  region size 1024K, 2 young (2048K), 2 survivors (2048K)
 Metaspace       used 35422K, committed 35776K, reserved 1081344K
  class space    used 4243K, committed 4416K, reserved 1048576K
}
Event: 4.191 GC heap before
{Heap before GC invocations=13 (full 0):
 garbage-first heap   total 37888K, used 17910K [0x0000000082800000, 0x0000000100000000)
  region size 1024K, 4 young (4096K), 2 survivors (2048K)
 Metaspace       used 35772K, committed 36096K, reserved 1081344K
  class space    used 4284K, committed 4416K, reserved 1048576K
}
Event: 4.196 GC heap after
{Heap after GC invocations=14 (full 0):
 garbage-first heap   total 61440K, used 18227K [0x0000000082800000, 0x0000000100000000)
  region size 1024K, 1 young (1024K), 1 survivors (1024K)
 Metaspace       used 35772K, committed 36096K, reserved 1081344K
  class space    used 4284K, committed 4416K, reserved 1048576K
}

Dll operation events (8 events):
Event: 0.024 Loaded shared library C:\Users\Lenovo\.p2\pool\plugins\org.eclipse.justj.openjdk.hotspot.jre.full.win32.x86_64_17.0.6.v20230204-1729\jre\bin\java.dll
Event: 0.229 Loaded shared library C:\Users\Lenovo\.p2\pool\plugins\org.eclipse.justj.openjdk.hotspot.jre.full.win32.x86_64_17.0.6.v20230204-1729\jre\bin\net.dll
Event: 0.231 Loaded shared library C:\Users\Lenovo\.p2\pool\plugins\org.eclipse.justj.openjdk.hotspot.jre.full.win32.x86_64_17.0.6.v20230204-1729\jre\bin\nio.dll
Event: 0.239 Loaded shared library C:\Users\Lenovo\.p2\pool\plugins\org.eclipse.justj.openjdk.hotspot.jre.full.win32.x86_64_17.0.6.v20230204-1729\jre\bin\zip.dll
Event: 0.387 Loaded shared library C:\Users\Lenovo\.p2\pool\plugins\org.eclipse.justj.openjdk.hotspot.jre.full.win32.x86_64_17.0.6.v20230204-1729\jre\bin\jimage.dll
Event: 0.818 Loaded shared library C:\Users\Lenovo\.p2\pool\plugins\org.eclipse.justj.openjdk.hotspot.jre.full.win32.x86_64_17.0.6.v20230204-1729\jre\bin\management.dll
Event: 0.826 Loaded shared library C:\Users\Lenovo\.p2\pool\plugins\org.eclipse.justj.openjdk.hotspot.jre.full.win32.x86_64_17.0.6.v20230204-1729\jre\bin\management_ext.dll
Event: 1.491 Loaded shared library C:\Users\Lenovo\.p2\pool\plugins\org.eclipse.justj.openjdk.hotspot.jre.full.win32.x86_64_17.0.6.v20230204-1729\jre\bin\verify.dll

Deoptimization events (20 events):
Event: 4.169 Thread 0x000001afc36738a0 Uncommon trap: trap_request=0xffffff45 fr.pc=0x000001afb32f3fe4 relative=0x0000000000000324
Event: 4.169 Thread 0x000001afc36738a0 Uncommon trap: reason=unstable_if action=reinterpret pc=0x000001afb32f3fe4 method=java.io.WinNTFileSystem.prefixLength(Ljava/lang/String;)I @ 42 c2
Event: 4.169 Thread 0x000001afc36738a0 DEOPT PACKING pc=0x000001afb32f3fe4 sp=0x00000050750fcb60
Event: 4.169 Thread 0x000001afc36738a0 DEOPT UNPACKING pc=0x000001afb2c869a3 sp=0x00000050750fcae8 mode 2
Event: 4.177 Thread 0x000001afc36738a0 Uncommon trap: trap_request=0xffffffde fr.pc=0x000001afb3389cf4 relative=0x0000000000006914
Event: 4.177 Thread 0x000001afc36738a0 Uncommon trap: reason=class_check action=maybe_recompile pc=0x000001afb3389cf4 method=org.springframework.beans.factory.support.AbstractBeanFactory.isTypeMatch(Ljava/lang/String;Lorg/springframework/core/ResolvableType;Z)Z @ 48 c2
Event: 4.177 Thread 0x000001afc36738a0 DEOPT PACKING pc=0x000001afb3389cf4 sp=0x00000050750fc7e0
Event: 4.177 Thread 0x000001afc36738a0 DEOPT UNPACKING pc=0x000001afb2c869a3 sp=0x00000050750fc818 mode 2
Event: 4.177 Thread 0x000001afc36738a0 Uncommon trap: trap_request=0xffffffde fr.pc=0x000001afb3389cf4 relative=0x0000000000006914
Event: 4.177 Thread 0x000001afc36738a0 Uncommon trap: reason=class_check action=maybe_recompile pc=0x000001afb3389cf4 method=org.springframework.beans.factory.support.AbstractBeanFactory.isTypeMatch(Ljava/lang/String;Lorg/springframework/core/ResolvableType;Z)Z @ 48 c2
Event: 4.177 Thread 0x000001afc36738a0 DEOPT PACKING pc=0x000001afb3389cf4 sp=0x00000050750fc7e0
Event: 4.177 Thread 0x000001afc36738a0 DEOPT UNPACKING pc=0x000001afb2c869a3 sp=0x00000050750fc818 mode 2
Event: 4.214 Thread 0x000001afc36738a0 Uncommon trap: trap_request=0xffffffde fr.pc=0x000001afb3323b30 relative=0x00000000000013f0
Event: 4.214 Thread 0x000001afc36738a0 Uncommon trap: reason=class_check action=maybe_recompile pc=0x000001afb3323b30 method=java.util.concurrent.ConcurrentHashMap.putVal(Ljava/lang/Object;Ljava/lang/Object;Z)Ljava/lang/Object; @ 242 c2
Event: 4.214 Thread 0x000001afc36738a0 DEOPT PACKING pc=0x000001afb3323b30 sp=0x00000050750fcc00
Event: 4.214 Thread 0x000001afc36738a0 DEOPT UNPACKING pc=0x000001afb2c869a3 sp=0x00000050750fcb80 mode 2
Event: 4.233 Thread 0x000001afc36738a0 Uncommon trap: trap_request=0xffffffde fr.pc=0x000001afb3323b30 relative=0x00000000000013f0
Event: 4.233 Thread 0x000001afc36738a0 Uncommon trap: reason=class_check action=maybe_recompile pc=0x000001afb3323b30 method=java.util.concurrent.ConcurrentHashMap.putVal(Ljava/lang/Object;Ljava/lang/Object;Z)Ljava/lang/Object; @ 242 c2
Event: 4.233 Thread 0x000001afc36738a0 DEOPT PACKING pc=0x000001afb3323b30 sp=0x00000050750fb680
Event: 4.233 Thread 0x000001afc36738a0 DEOPT UNPACKING pc=0x000001afb2c869a3 sp=0x00000050750fb600 mode 2

Classes unloaded (0 events):
No events

Classes redefined (0 events):
No events

Internal exceptions (20 events):
Event: 3.819 Thread 0x000001afc36738a0 Exception <a 'java/lang/NoSuchMethodError'{0x000000008a55ecc0}: 'int java.lang.invoke.DirectMethodHandle$Holder.invokeStaticInit(java.lang.Object, int, int)'> (0x000000008a55ecc0) 
thrown [s\src\hotspot\share\interpreter\linkResolver.cpp, line 759]
Event: 3.820 Thread 0x000001afc36738a0 Exception <a 'java/lang/NoSuchMethodError'{0x000000008a5665a8}: 'int java.lang.invoke.DirectMethodHandle$Holder.invokeStaticInit(java.lang.Object, long, long)'> (0x000000008a5665a8) 
thrown [s\src\hotspot\share\interpreter\linkResolver.cpp, line 759]
Event: 3.822 Thread 0x000001afc36738a0 Exception <a 'java/lang/NoSuchMethodError'{0x000000008a56d3f8}: 'int java.lang.invoke.DirectMethodHandle$Holder.invokeStaticInit(java.lang.Object, float, float)'> (0x000000008a56d3f8) 
thrown [s\src\hotspot\share\interpreter\linkResolver.cpp, line 759]
Event: 3.823 Thread 0x000001afc36738a0 Exception <a 'java/lang/NoSuchMethodError'{0x000000008a574250}: 'int java.lang.invoke.DirectMethodHandle$Holder.invokeStaticInit(java.lang.Object, double, double)'> (0x000000008a574250) 
thrown [s\src\hotspot\share\interpreter\linkResolver.cpp, line 759]
Event: 3.824 Thread 0x000001afc36738a0 Exception <a 'java/lang/NoSuchMethodError'{0x000000008a578b38}: 'int java.lang.invoke.DirectMethodHandle$Holder.invokeStatic(java.lang.Object, long)'> (0x000000008a578b38) 
thrown [s\src\hotspot\share\interpreter\linkResolver.cpp, line 759]
Event: 3.829 Thread 0x000001afc36738a0 Exception <a 'java/lang/NoSuchMethodError'{0x000000008a59d558}: 'int java.lang.invoke.DirectMethodHandle$Holder.invokeSpecial(java.lang.Object, java.lang.Object, int)'> (0x000000008a59d558) 
thrown [s\src\hotspot\share\interpreter\linkResolver.cpp, line 759]
Event: 3.830 Thread 0x000001afc36738a0 Exception <a 'java/lang/NoSuchMethodError'{0x000000008a5a4eb8}: 'int java.lang.invoke.Invokers$Holder.linkToTargetMethod(java.lang.Object, java.lang.Object)'> (0x000000008a5a4eb8) 
thrown [s\src\hotspot\share\interpreter\linkResolver.cpp, line 759]
Event: 3.845 Thread 0x000001afc36738a0 Exception <a 'java/lang/NoSuchMethodError'{0x0000000089d34988}: 'java.lang.Object java.lang.invoke.DirectMethodHandle$Holder.invokeSpecial(java.lang.Object, java.lang.Object, java.lang.Object, java.lang.Object, java.lang.Object, java.lang.Object, java.lang.Object, java.lang.Object, java.lang.Object, java.lang.Object)'> (0x0000000089d34988) 
thrown [s\src\hotspot\share\interpreter\linkResolver.cpp, line 759]
Event: 3.845 Thread 0x000001afc36738a0 Exception <a 'java/lang/NoSuchMethodError'{0x0000000089d39218}: 'java.lang.Object java.lang.invoke.Invokers$Holder.invoke_MT(java.lang.Object, java.lang.Object, java.lang.Object, java.lang.Object, java.lang.Object, java.lang.Object, java.lang.Object, java.lang.Object, java.lang.Object, java.lang.Object)'> (0x0000000089d39218) 
thrown [s\src\hotspot\share\interpreter\linkResolver.cpp, line 759]
Event: 3.852 Thread 0x000001afc36738a0 Exception <a 'java/lang/NoSuchMethodError'{0x0000000089d78a90}: 'java.lang.Object java.lang.invoke.DirectMethodHandle$Holder.invokeSpecial(java.lang.Object, java.lang.Object, int, java.lang.Object, java.lang.Object)'> (0x0000000089d78a90) 
thrown [s\src\hotspot\share\interpreter\linkResolver.cpp, line 759]
Event: 3.853 Thread 0x000001afc36738a0 Exception <a 'java/lang/NoSuchMethodError'{0x0000000089d7c738}: 'java.lang.Object java.lang.invoke.DelegatingMethodHandle$Holder.delegate(java.lang.Object, int, java.lang.Object, java.lang.Object)'> (0x0000000089d7c738) 
thrown [s\src\hotspot\share\interpreter\linkResolver.cpp, line 759]
Event: 3.855 Thread 0x000001afc36738a0 Exception <a 'java/lang/NoSuchMethodError'{0x0000000089d8d5c0}: 'int java.lang.invoke.Invokers$Holder.linkToTargetMethod(java.lang.Object, java.lang.Object, java.lang.Object)'> (0x0000000089d8d5c0) 
thrown [s\src\hotspot\share\interpreter\linkResolver.cpp, line 759]
Event: 3.896 Thread 0x000001afc36738a0 Exception <a 'java/lang/NoClassDefFoundError'{0x0000000089cb0b80}: org/flywaydb/core/Flyway> (0x0000000089cb0b80) 
thrown [s\src\hotspot\share\classfile\systemDictionary.cpp, line 245]
Event: 3.896 Thread 0x000001afc36738a0 Exception <a 'java/lang/NoClassDefFoundError'{0x0000000089cb20b0}: liquibase/integration/spring/SpringLiquibase> (0x0000000089cb20b0) 
thrown [s\src\hotspot\share\classfile\systemDictionary.cpp, line 245]
Event: 3.979 Thread 0x000001afc36738a0 Exception <a 'java/lang/NoClassDefFoundError'{0x00000000846eb548}: org/jooq/DSLContext> (0x00000000846eb548) 
thrown [s\src\hotspot\share\classfile\systemDictionary.cpp, line 245]
Event: 3.981 Thread 0x000001afc36738a0 Exception <a 'java/lang/NoClassDefFoundError'{0x00000000846fc5f0}: org/springframework/batch/core/repository/JobRepository> (0x00000000846fc5f0) 
thrown [s\src\hotspot\share\classfile\systemDictionary.cpp, line 245]
Event: 3.981 Thread 0x000001afc36738a0 Exception <a 'java/lang/NoClassDefFoundError'{0x00000000846fd8b8}: org/quartz/Scheduler> (0x00000000846fd8b8) 
thrown [s\src\hotspot\share\classfile\systemDictionary.cpp, line 245]
Event: 3.981 Thread 0x000001afc36738a0 Exception <a 'java/lang/NoClassDefFoundError'{0x00000000846fef68}: org/springframework/session/jdbc/JdbcIndexedSessionRepository> (0x00000000846fef68) 
thrown [s\src\hotspot\share\classfile\systemDictionary.cpp, line 245]
Event: 4.004 Thread 0x000001afc36738a0 Exception <a 'java/lang/NoSuchMethodError'{0x00000000845d4a48}: 'void java.lang.invoke.DirectMethodHandle$Holder.invokeSpecial(java.lang.Object, java.lang.Object, java.lang.Object, java.lang.Object, java.lang.Object, java.lang.Object)'> (0x00000000845d4a48) 
thrown [s\src\hotspot\share\interpreter\linkResolver.cpp, line 759]
Event: 4.270 Thread 0x000001afc36738a0 Exception <a 'java/lang/NoSuchMethodError'{0x0000000089dc58e0}: 'void java.lang.invoke.DirectMethodHandle$Holder.invokeStatic(java.lang.Object, java.lang.Object, int)'> (0x0000000089dc58e0) 
thrown [s\src\hotspot\share\interpreter\linkResolver.cpp, line 759]

VM Operations (20 events):
Event: 3.803 Executing VM operation: HandshakeAllThreads
Event: 3.803 Executing VM operation: HandshakeAllThreads done
Event: 3.804 Executing VM operation: G1CollectForAllocation
Event: 3.809 Executing VM operation: G1CollectForAllocation done
Event: 3.834 Executing VM operation: HandshakeAllThreads
Event: 3.834 Executing VM operation: HandshakeAllThreads done
Event: 3.838 Executing VM operation: HandshakeAllThreads
Event: 3.838 Executing VM operation: HandshakeAllThreads done
Event: 3.966 Executing VM operation: HandshakeAllThreads
Event: 3.966 Executing VM operation: HandshakeAllThreads done
Event: 4.141 Executing VM operation: G1CollectForAllocation
Event: 4.145 Executing VM operation: G1CollectForAllocation done
Event: 4.191 Executing VM operation: CollectForMetadataAllocation
Event: 4.197 Executing VM operation: CollectForMetadataAllocation done
Event: 4.226 Executing VM operation: G1Concurrent
Event: 4.230 Executing VM operation: G1Concurrent done
Event: 4.245 Executing VM operation: G1Concurrent
Event: 4.245 Executing VM operation: G1Concurrent done
Event: 4.261 Executing VM operation: HandshakeAllThreads
Event: 4.261 Executing VM operation: HandshakeAllThreads done

Events (20 events):
Event: 4.250 loading class java/lang/invoke/MethodHandleImpl$BindCaller
Event: 4.250 loading class java/lang/invoke/MethodHandleImpl$BindCaller done
Event: 4.250 loading class java/lang/invoke/MethodHandleImpl$BindCaller$1
Event: 4.250 loading class java/lang/invoke/MethodHandleImpl$BindCaller$1 done
Event: 4.255 loading class java/beans/Introspector
Event: 4.256 loading class java/beans/Introspector done
Event: 4.256 loading class java/beans/EventSetDescriptor
Event: 4.256 loading class java/beans/EventSetDescriptor done
Event: 4.256 loading class java/beans/Introspector$1
Event: 4.256 loading class jdk/internal/access/JavaBeansAccess
Event: 4.256 loading class jdk/internal/access/JavaBeansAccess done
Event: 4.256 loading class java/beans/Introspector$1 done
Event: 4.269 loading class java/util/function/IntUnaryOperator
Event: 4.269 loading class java/util/function/IntUnaryOperator done
Event: 4.270 loading class java/util/stream/IntPipeline$4
Event: 4.270 loading class java/util/stream/IntPipeline$4 done
Event: 4.270 loading class java/util/stream/ForEachOps$ForEachOp$OfInt
Event: 4.271 loading class java/util/stream/ForEachOps$ForEachOp$OfInt done
Event: 4.271 loading class java/util/stream/IntPipeline$4$1
Event: 4.271 loading class java/util/stream/IntPipeline$4$1 done


Dynamic libraries:
0x00007ff6e70c0000 - 0x00007ff6e70ce000 	C:\Users\Lenovo\.p2\pool\plugins\org.eclipse.justj.openjdk.hotspot.jre.full.win32.x86_64_17.0.6.v20230204-1729\jre\bin\javaw.exe
0x00007ffb241c0000 - 0x00007ffb243c9000 	C:\Windows\SYSTEM32\ntdll.dll
0x00007ffb22210000 - 0x00007ffb222ce000 	C:\Windows\System32\KERNEL32.DLL
0x00007ffb217b0000 - 0x00007ffb21b2c000 	C:\Windows\System32\KERNELBASE.dll
0x00007ffb21e50000 - 0x00007ffb21f61000 	C:\Windows\System32\ucrtbase.dll
0x00007ffb10fa0000 - 0x00007ffb10fb7000 	C:\Users\Lenovo\.p2\pool\plugins\org.eclipse.justj.openjdk.hotspot.jre.full.win32.x86_64_17.0.6.v20230204-1729\jre\bin\jli.dll
0x00007ffb23300000 - 0x00007ffb234ad000 	C:\Windows\System32\USER32.dll
0x00007ffb21f70000 - 0x00007ffb21f96000 	C:\Windows\System32\win32u.dll
0x00007ffb235c0000 - 0x00007ffb235e9000 	C:\Windows\System32\GDI32.dll
0x00007ffb21690000 - 0x00007ffb217a8000 	C:\Windows\System32\gdi32full.dll
0x00007ffb21fa0000 - 0x00007ffb2203d000 	C:\Windows\System32\msvcp_win.dll
0x00007ffb10f80000 - 0x00007ffb10f99000 	C:\Users\Lenovo\.p2\pool\plugins\org.eclipse.justj.openjdk.hotspot.jre.full.win32.x86_64_17.0.6.v20230204-1729\jre\bin\VCRUNTIME140.dll
0x00007ffb0d7e0000 - 0x00007ffb0da85000 	C:\Windows\WinSxS\amd64_microsoft.windows.common-controls_6595b64144ccf1df_6.0.22000.120_none_9d947278b86cc467\COMCTL32.dll
0x00007ffb235f0000 - 0x00007ffb23693000 	C:\Windows\System32\msvcrt.dll
0x00007ffb23580000 - 0x00007ffb235b1000 	C:\Windows\System32\IMM32.DLL
0x00007ffb12100000 - 0x00007ffb1210c000 	C:\Users\Lenovo\.p2\pool\plugins\org.eclipse.justj.openjdk.hotspot.jre.full.win32.x86_64_17.0.6.v20230204-1729\jre\bin\vcruntime140_1.dll
0x00007ffb0f7d0000 - 0x00007ffb0f861000 	C:\Users\Lenovo\.p2\pool\plugins\org.eclipse.justj.openjdk.hotspot.jre.full.win32.x86_64_17.0.6.v20230204-1729\jre\bin\msvcp140.dll
0x00007ffad34e0000 - 0x00007ffad4127000 	C:\Users\Lenovo\.p2\pool\plugins\org.eclipse.justj.openjdk.hotspot.jre.full.win32.x86_64_17.0.6.v20230204-1729\jre\bin\server\jvm.dll
0x00007ffb234c0000 - 0x00007ffb2356e000 	C:\Windows\System32\ADVAPI32.dll
0x00007ffb220c0000 - 0x00007ffb2215e000 	C:\Windows\System32\sechost.dll
0x00007ffb231e0000 - 0x00007ffb23300000 	C:\Windows\System32\RPCRT4.dll
0x00007ffb1dbf0000 - 0x00007ffb1dbf9000 	C:\Windows\SYSTEM32\WSOCK32.dll
0x00007ffb23f20000 - 0x00007ffb23f8f000 	C:\Windows\System32\WS2_32.dll
0x00007ffb1b070000 - 0x00007ffb1b0a3000 	C:\Windows\SYSTEM32\WINMM.dll
0x00007ffb13c30000 - 0x00007ffb13c3a000 	C:\Windows\SYSTEM32\VERSION.dll
0x00007ffb20710000 - 0x00007ffb20728000 	C:\Windows\SYSTEM32\kernel.appcore.dll
0x00007ffb1b7f0000 - 0x00007ffb1b7fa000 	C:\Users\Lenovo\.p2\pool\plugins\org.eclipse.justj.openjdk.hotspot.jre.full.win32.x86_64_17.0.6.v20230204-1729\jre\bin\jimage.dll
0x00007ffb19200000 - 0x00007ffb19421000 	C:\Windows\SYSTEM32\DBGHELP.DLL
0x00007ffb08bc0000 - 0x00007ffb08bf1000 	C:\Windows\SYSTEM32\dbgcore.DLL
0x00007ffb21b30000 - 0x00007ffb21baf000 	C:\Windows\System32\bcryptPrimitives.dll
0x00007ffb12500000 - 0x00007ffb12525000 	C:\Users\Lenovo\.p2\pool\plugins\org.eclipse.justj.openjdk.hotspot.jre.full.win32.x86_64_17.0.6.v20230204-1729\jre\bin\java.dll
0x00007ffb124e0000 - 0x00007ffb124f8000 	C:\Users\Lenovo\.p2\pool\plugins\org.eclipse.justj.openjdk.hotspot.jre.full.win32.x86_64_17.0.6.v20230204-1729\jre\bin\zip.dll
0x00007ffb22680000 - 0x00007ffb22e45000 	C:\Windows\System32\SHELL32.dll
0x00007ffb1f780000 - 0x00007ffb1ffe5000 	C:\Windows\SYSTEM32\windows.storage.dll
0x00007ffb222d0000 - 0x00007ffb22646000 	C:\Windows\System32\combase.dll
0x00007ffb1f610000 - 0x00007ffb1f776000 	C:\Windows\SYSTEM32\wintypes.dll
0x00007ffb23e30000 - 0x00007ffb23f1a000 	C:\Windows\System32\SHCORE.dll
0x00007ffb23050000 - 0x00007ffb230ad000 	C:\Windows\System32\shlwapi.dll
0x00007ffb215c0000 - 0x00007ffb215e1000 	C:\Windows\SYSTEM32\profapi.dll
0x00007ffb124c0000 - 0x00007ffb124d9000 	C:\Users\Lenovo\.p2\pool\plugins\org.eclipse.justj.openjdk.hotspot.jre.full.win32.x86_64_17.0.6.v20230204-1729\jre\bin\net.dll
0x00007ffb19cb0000 - 0x00007ffb19dc2000 	C:\Windows\SYSTEM32\WINHTTP.dll
0x00007ffb20bb0000 - 0x00007ffb20c17000 	C:\Windows\system32\mswsock.dll
0x00007ffb124a0000 - 0x00007ffb124b5000 	C:\Users\Lenovo\.p2\pool\plugins\org.eclipse.justj.openjdk.hotspot.jre.full.win32.x86_64_17.0.6.v20230204-1729\jre\bin\nio.dll
0x00007ffb10f70000 - 0x00007ffb10f79000 	C:\Users\Lenovo\.p2\pool\plugins\org.eclipse.justj.openjdk.hotspot.jre.full.win32.x86_64_17.0.6.v20230204-1729\jre\bin\management.dll
0x00007ffb10f60000 - 0x00007ffb10f6b000 	C:\Users\Lenovo\.p2\pool\plugins\org.eclipse.justj.openjdk.hotspot.jre.full.win32.x86_64_17.0.6.v20230204-1729\jre\bin\management_ext.dll
0x00007ffb22670000 - 0x00007ffb22678000 	C:\Windows\System32\PSAPI.DLL
0x00007ffb1b7d0000 - 0x00007ffb1b7e0000 	C:\Users\Lenovo\.p2\pool\plugins\org.eclipse.justj.openjdk.hotspot.jre.full.win32.x86_64_17.0.6.v20230204-1729\jre\bin\verify.dll

dbghelp: loaded successfully - version: 4.0.5 - missing functions: none
symbol engine: initialized successfully - sym options: 0x614 - pdb path: .;C:\Users\Lenovo\.p2\pool\plugins\org.eclipse.justj.openjdk.hotspot.jre.full.win32.x86_64_17.0.6.v20230204-1729\jre\bin;C:\Windows\SYSTEM32;C:\Windows\WinSxS\amd64_microsoft.windows.common-controls_6595b64144ccf1df_6.0.22000.120_none_9d947278b86cc467;C:\Users\Lenovo\.p2\pool\plugins\org.eclipse.justj.openjdk.hotspot.jre.full.win32.x86_64_17.0.6.v20230204-1729\jre\bin\server

VM Arguments:
jvm_args: -Dfile.encoding=UTF-8 -XX:+ShowCodeDetailsInExceptionMessages 
java_command: org.medicine.purchasewebsite.PurchasewebsiteApplication
java_class_path (initial): C:\backup\purchasewebsite\target\classes;C:\Users\Lenovo\.m2\repository\com\google\code\gson\gson\2.10.1\gson-2.10.1.jar;C:\Users\Lenovo\.m2\repository\org\springframework\boot\spring-boot-starter-actuator\3.0.6-SNAPSHOT\spring-boot-starter-actuator-3.0.6-SNAPSHOT.jar;C:\Users\Lenovo\.m2\repository\org\springframework\boot\spring-boot-starter\3.0.6-SNAPSHOT\spring-boot-starter-3.0.6-SNAPSHOT.jar;C:\Users\Lenovo\.m2\repository\org\springframework\boot\spring-boot-starter-logging\3.0.6-SNAPSHOT\spring-boot-starter-logging-3.0.6-SNAPSHOT.jar;C:\Users\Lenovo\.m2\repository\ch\qos\logback\logback-classic\1.4.7\logback-classic-1.4.7.jar;C:\Users\Lenovo\.m2\repository\ch\qos\logback\logback-core\1.4.7\logback-core-1.4.7.jar;C:\Users\Lenovo\.m2\repository\org\apache\logging\log4j\log4j-to-slf4j\2.19.0\log4j-to-slf4j-2.19.0.jar;C:\Users\Lenovo\.m2\repository\org\apache\logging\log4j\log4j-api\2.19.0\log4j-api-2.19.0.jar;C:\Users\Lenovo\.m2\repository\org\slf4j\jul-to-slf4j\2.0.7\jul-to-slf4j-2.0.7.jar;C:\Users\Lenovo\.m2\repository\org\yaml\snakeyaml\1.33\snakeyaml-1.33.jar;C:\Users\Lenovo\.m2\repository\org\springframework\boot\spring-boot-actuator-autoconfigure\3.0.6-SNAPSHOT\spring-boot-actuator-autoconfigure-3.0.6-SNAPSHOT.jar;C:\Users\Lenovo\.m2\repository\org\springframework\boot\spring-boot-actuator\3.0.6-SNAPSHOT\spring-boot-actuator-3.0.6-SNAPSHOT.jar;C:\Users\Lenovo\.m2\repository\com\fasterxml\jackson\core\jackson-databind\2.14.2\jackson-databind-2.14.2.jar;C:\Users\Lenovo\.m2\repository\com\fasterxml\jackson\core\jackson-core\2.14.2\jackson-core-2.14.2.jar;C:\Users\Lenovo\.m2\repository\com\fasterxml\jackson\datatype\jackson-datatype-jsr310\2.14.2\jackson-datatype-jsr310-2.14.2.jar;C:\Users\Lenovo\.m2\repository\io\micrometer\micrometer-observation\1.10.6\micrometer-observation-1.10.6.jar;C:\Users\Lenovo\.m2\repository\io\micrometer\micrometer-commons\1.10.6\micrometer-commons-1.10.6.jar;C:\Users\Lenovo\.m2\repository\io\micrometer\mi
Launcher Type: SUN_STANDARD

[Global flags]
     intx CICompilerCount                          = 3                                         {product} {ergonomic}
     uint ConcGCThreads                            = 1                                         {product} {ergonomic}
     uint G1ConcRefinementThreads                  = 4                                         {product} {ergonomic}
   size_t G1HeapRegionSize                         = 1048576                                   {product} {ergonomic}
    uintx GCDrainStackTargetSize                   = 64                                        {product} {ergonomic}
   size_t InitialHeapSize                          = 132120576                                 {product} {ergonomic}
   size_t MarkStackSize                            = 4194304                                   {product} {ergonomic}
   size_t MaxHeapSize                              = 2105540608                                {product} {ergonomic}
   size_t MaxNewSize                               = 1262485504                                {product} {ergonomic}
   size_t MinHeapDeltaBytes                        = 1048576                                   {product} {ergonomic}
   size_t MinHeapSize                              = 8388608                                   {product} {ergonomic}
    uintx NonNMethodCodeHeapSize                   = 5832780                                {pd product} {ergonomic}
    uintx NonProfiledCodeHeapSize                  = 122912730                              {pd product} {ergonomic}
    uintx ProfiledCodeHeapSize                     = 122912730                              {pd product} {ergonomic}
    uintx ReservedCodeCacheSize                    = 251658240                              {pd product} {ergonomic}
     bool SegmentedCodeCache                       = true                                      {product} {ergonomic}
     bool ShowCodeDetailsInExceptionMessages       = true                                   {manageable} {command line}
   size_t SoftMaxHeapSize                          = 2105540608                             {manageable} {ergonomic}
     bool UseCompressedClassPointers               = true                           {product lp64_product} {ergonomic}
     bool UseCompressedOops                        = true                           {product lp64_product} {ergonomic}
     bool UseG1GC                                  = true                                      {product} {ergonomic}
     bool UseLargePagesIndividualAllocation        = false                                  {pd product} {ergonomic}

Logging:
Log output configuration:
 #0: stdout all=warning uptime,level,tags
 #1: stderr all=off uptime,level,tags

Environment Variables:
JAVA_HOME=C:\Program Files\Java\jdk-17
PATH=C:/Users/Lenovo/.p2/pool/plugins/org.eclipse.justj.openjdk.hotspot.jre.full.win32.x86_64_17.0.6.v20230204-1729/jre/bin/server;C:/Users/Lenovo/.p2/pool/plugins/org.eclipse.justj.openjdk.hotspot.jre.full.win32.x86_64_17.0.6.v20230204-1729/jre/bin;C:\Program Files\Common Files\Oracle\Java\javapath;C:\Windows\system32;C:\Windows;C:\Windows\System32\Wbem;C:\Windows\System32\WindowsPowerShell\v1.0\;C:\Windows\System32\OpenSSH\;C:\Program Files\Java\jdk-17\bin;C:\Program Files\Common Files\Oracle\Java\javapath;C:\Program Files\nodejs\;C:\Program Files\Git\cmd;C:\Program Files\MySQL\MySQL Shell 8.0\bin\;C:\Users\Lenovo\AppData\Local\Microsoft\WindowsApps;;C:\Users\Lenovo\AppData\Local\Programs\Microsoft VS Code\bin;C:\Users\Lenovo\AppData\Roaming\npm;C:\Users\Lenovo\Desktop;
USERNAME=Lenovo
OS=Windows_NT
PROCESSOR_IDENTIFIER=Intel64 Family 6 Model 142 Stepping 12, GenuineIntel
TMP=C:\Users\Lenovo\AppData\Local\Temp
TEMP=C:\Users\Lenovo\AppData\Local\Temp



---------------  S Y S T E M  ---------------

OS:
 Windows 11 , 64 bit Build 22000 (10.0.22000.1516)
OS uptime: 5 days 6:31 hours

CPU: total 4 (initial active 4) (2 cores per cpu, 2 threads per core) family 6 model 142 stepping 12 microcode 0xea, cx8, cmov, fxsr, ht, mmx, 3dnowpref, sse, sse2, sse3, ssse3, sse4.1, sse4.2, popcnt, lzcnt, tsc, tscinvbit, avx, avx2, aes, erms, clmul, bmi1, bmi2, adx, fma, vzeroupper, clflush, clflushopt

Memory: 4k page, system-wide physical 8026M (1189M free)
TotalPageFile size 10026M (AvailPageFile size 2M)
current process WorkingSet (physical memory assigned to process): 197M, peak: 197M
current process commit charge ("private bytes"): 248M, peak: 248M

vm_info: OpenJDK 64-Bit Server VM (17.0.6+10) for windows-amd64 JRE (17.0.6+10), built on Jan 18 2023 10:08:59 by "temurin" with MS VC++ 16.7 (VS2019)

END.
